<?xml version="1.0" encoding="UTF-8"?>
<testsuite name="turntabl.RegisterTest" tests="1" skipped="0" failures="0" errors="0" timestamp="2021-11-11T18:49:24" hostname="DESKTOP-R6C4GLD" time="0.04">
  <properties/>
  <testcase name="getbyID()" classname="turntabl.RegisterTest" time="0.04"/>
  <system-out><![CDATA[Optional[CorporateClient{, ClientID=4415, ServiceLevel=Platinum, AccountManagerName=Accountmanager{clientName='Kwame'}, CorporateClientName='kofiC'}]
]]></system-out>
  <system-err><![CDATA[]]></system-err>
</testsuite>
